\BOOKMARK [0][-]{chapter*.7}{Preface}{}% 1
\BOOKMARK [0][-]{chapter.1}{Introduction}{}% 2
\BOOKMARK [1][-]{section.1.1}{A Brief History}{chapter.1}% 3
\BOOKMARK [1][-]{section.1.2}{Installation Notes}{chapter.1}% 4
\BOOKMARK [2][-]{subsection.1.2.1}{System Requirements}{section.1.2}% 5
\BOOKMARK [2][-]{subsection.1.2.2}{Downloading}{section.1.2}% 6
\BOOKMARK [2][-]{subsection.1.2.3}{Installing on Windows}{section.1.2}% 7
\BOOKMARK [2][-]{subsection.1.2.4}{Installing on Mac OS X}{section.1.2}% 8
\BOOKMARK [2][-]{subsection.1.2.5}{Installing on Unix}{section.1.2}% 9
\BOOKMARK [1][-]{section.1.3}{Using the Software}{chapter.1}% 10
\BOOKMARK [1][-]{section.1.4}{Third Party Software}{chapter.1}% 11
\BOOKMARK [0][-]{chapter.2}{Common Tasks}{}% 12
\BOOKMARK [1][-]{section.2.1}{Information and Statistics}{chapter.2}% 13
\BOOKMARK [1][-]{section.2.2}{Data Processing}{chapter.2}% 14
\BOOKMARK [1][-]{section.2.3}{Graphics and Visualization}{chapter.2}% 15
\BOOKMARK [1][-]{section.2.4}{Registration and Navigation}{chapter.2}% 16
\BOOKMARK [1][-]{section.2.5}{Network}{chapter.2}% 17
\BOOKMARK [0][-]{chapter.3}{The CoastWatch Data Analysis Tool}{}% 18
\BOOKMARK [1][-]{section.3.1}{Getting to know CDAT}{chapter.3}% 19
\BOOKMARK [1][-]{section.3.2}{Loading data files}{chapter.3}% 20
\BOOKMARK [1][-]{section.3.3}{Navigating in CDAT}{chapter.3}% 21
\BOOKMARK [1][-]{section.3.4}{Changing data image colors}{chapter.3}% 22
\BOOKMARK [1][-]{section.3.5}{Displaying coastlines, grids, and more}{chapter.3}% 23
\BOOKMARK [2][-]{subsection.3.5.1}{Types of overlays}{section.3.5}% 24
\BOOKMARK [2][-]{subsection.3.5.2}{The Overlay List}{section.3.5}% 25
\BOOKMARK [2][-]{subsection.3.5.3}{Overlay groups}{section.3.5}% 26
\BOOKMARK [1][-]{section.3.6}{Measuring distances and data statistics}{chapter.3}% 27
\BOOKMARK [2][-]{subsection.3.6.1}{Types of surveys}{section.3.6}% 28
\BOOKMARK [2][-]{subsection.3.6.2}{The Survey List and results}{section.3.6}% 29
\BOOKMARK [1][-]{section.3.7}{Drawing lines, shapes, and text}{chapter.3}% 30
\BOOKMARK [2][-]{subsection.3.7.1}{Types of annotations}{section.3.7}% 31
\BOOKMARK [2][-]{subsection.3.7.2}{The Annotation List}{section.3.7}% 32
\BOOKMARK [1][-]{section.3.8}{Using composite image mode}{chapter.3}% 33
\BOOKMARK [1][-]{section.3.9}{Correcting geographic location problems}{chapter.3}% 34
\BOOKMARK [2][-]{subsection.3.9.1}{Navigation correction}{section.3.9}% 35
\BOOKMARK [2][-]{subsection.3.9.2}{Navigation analysis}{section.3.9}% 36
\BOOKMARK [1][-]{section.3.10}{Exporting images and data}{chapter.3}% 37
\BOOKMARK [1][-]{section.3.11}{Setting color, enhancement, and units preferences}{chapter.3}% 38
\BOOKMARK [2][-]{subsection.3.11.1}{Resources directory}{section.3.11}% 39
\BOOKMARK [1][-]{section.3.12}{Connections with command line tools}{chapter.3}% 40
\BOOKMARK [0][-]{chapter.4}{Programmer's API}{}% 41
\BOOKMARK [1][-]{section.4.1}{How to use the API}{chapter.4}% 42
\BOOKMARK [1][-]{section.4.2}{Data I/O}{chapter.4}% 43
\BOOKMARK [1][-]{section.4.3}{Data rendering}{chapter.4}% 44
\BOOKMARK [1][-]{section.4.4}{Graphical user interface components}{chapter.4}% 45
\BOOKMARK [1][-]{section.4.5}{General utility classes}{chapter.4}% 46
\BOOKMARK [1][-]{section.4.6}{Main programs}{chapter.4}% 47
\BOOKMARK [0][-]{appendix.A}{Manual Pages}{}% 48
\BOOKMARK [1][-]{section.A.1}{cdat}{appendix.A}% 49
\BOOKMARK [1][-]{section.A.2}{cwangles}{appendix.A}% 50
\BOOKMARK [1][-]{section.A.3}{cwautonav}{appendix.A}% 51
\BOOKMARK [1][-]{section.A.4}{cwcomposite}{appendix.A}% 52
\BOOKMARK [1][-]{section.A.5}{cwcoverage}{appendix.A}% 53
\BOOKMARK [1][-]{section.A.6}{cwdownload}{appendix.A}% 54
\BOOKMARK [1][-]{section.A.7}{cwexport}{appendix.A}% 55
\BOOKMARK [1][-]{section.A.8}{cwgraphics}{appendix.A}% 56
\BOOKMARK [1][-]{section.A.9}{cwimport}{appendix.A}% 57
\BOOKMARK [1][-]{section.A.10}{cwinfo}{appendix.A}% 58
\BOOKMARK [1][-]{section.A.11}{cwmaster}{appendix.A}% 59
\BOOKMARK [1][-]{section.A.12}{cwmath}{appendix.A}% 60
\BOOKMARK [1][-]{section.A.13}{cwnavigate}{appendix.A}% 61
\BOOKMARK [1][-]{section.A.14}{cwregister}{appendix.A}% 62
\BOOKMARK [1][-]{section.A.15}{cwrender}{appendix.A}% 63
\BOOKMARK [1][-]{section.A.16}{cwsample}{appendix.A}% 64
\BOOKMARK [1][-]{section.A.17}{cwstats}{appendix.A}% 65
\BOOKMARK [1][-]{section.A.18}{cwstatus}{appendix.A}% 66
\BOOKMARK [1][-]{section.A.19}{hdatt}{appendix.A}% 67
\BOOKMARK [0][-]{appendix.B}{CoastWatch HDF Metadata Specification}{}% 68
\BOOKMARK [1][-]{section.B.1}{Overview}{appendix.B}% 69
\BOOKMARK [1][-]{section.B.2}{Global Metadata}{appendix.B}% 70
\BOOKMARK [1][-]{section.B.3}{Earth Location Metadata}{appendix.B}% 71
\BOOKMARK [2][-]{subsection.B.3.1}{Version 2 Affine}{section.B.3}% 72
\BOOKMARK [2][-]{subsection.B.3.2}{Version 3 Affine}{section.B.3}% 73
\BOOKMARK [1][-]{section.B.4}{Variable Metadata}{appendix.B}% 74
\BOOKMARK [2][-]{subsection.B.4.1}{Calibration Values}{section.B.4}% 75
\BOOKMARK [2][-]{subsection.B.4.2}{Navigation Correction}{section.B.4}% 76
\BOOKMARK [1][-]{section.B.5}{Swath Earth Location Encoding}{appendix.B}% 77
\BOOKMARK [1][-]{section.B.6}{GCTP Appendices}{appendix.B}% 78
\BOOKMARK [0][-]{appendix.C}{Data Format Compatibility}{}% 79
\BOOKMARK [0][-]{appendix.D}{Miscellaneous Formats}{}% 80
\BOOKMARK [1][-]{section.D.1}{Navigation analysis XML output}{appendix.D}% 81
\BOOKMARK [1][-]{section.D.2}{Navigation analysis CSV output}{appendix.D}% 82
\BOOKMARK [1][-]{section.D.3}{Color palette XML format}{appendix.D}% 83
\BOOKMARK [0][-]{appendix.E}{AVHRR SST Product FAQ}{}% 84
\BOOKMARK [1][-]{section.E.1}{Data formats and archiving}{appendix.E}% 85
\BOOKMARK [1][-]{section.E.2}{SST computation}{appendix.E}% 86
\BOOKMARK [1][-]{section.E.3}{Cloud masking}{appendix.E}% 87
\BOOKMARK [1][-]{section.E.4}{Navigation correction}{appendix.E}% 88
\BOOKMARK [1][-]{section.E.5}{Map projections}{appendix.E}% 89
\BOOKMARK [0][-]{appendix.F}{Acronyms}{}% 90
\BOOKMARK [0][-]{appendix.G}{History of Changes}{}% 91
