This is pdfTeX, Version 3.1415926-2.4-1.40.13 (TeX Live 2012) (format=pdflatex 2012.6.30)  4 OCT 2012 18:02
entering extended mode
 restricted \write18 enabled.
 %&-line parsing enabled.
**cwf_ug_3_2_4.tex
(./cwf_ug_3_2_4.tex
LaTeX2e <2011/06/27>
Babel <v3.8m> and hyphenation patterns for english, dumylang, nohyphenation, ge
rman-x-2012-05-30, ngerman-x-2012-05-30, afrikaans, ancientgreek, ibycus, arabi
c, armenian, basque, bulgarian, catalan, pinyin, coptic, croatian, czech, danis
h, dutch, ukenglish, usenglishmax, esperanto, estonian, ethiopic, farsi, finnis
h, french, friulan, galician, german, ngerman, swissgerman, monogreek, greek, h
ungarian, icelandic, assamese, bengali, gujarati, hindi, kannada, malayalam, ma
rathi, oriya, panjabi, tamil, telugu, indonesian, interlingua, irish, italian, 
kurmanji, latin, latvian, lithuanian, mongolian, mongolianlmc, bokmal, nynorsk,
 polish, portuguese, romanian, romansh, russian, sanskrit, serbian, serbianc, s
lovak, slovenian, spanish, swedish, turkish, turkmen, ukrainian, uppersorbian, 
welsh, loaded.
(/usr/local/texlive/2012/texmf-dist/tex/latex/base/book.cls
Document Class: book 2007/10/19 v1.4h Standard LaTeX document class
(/usr/local/texlive/2012/texmf-dist/tex/latex/base/bk10.clo
File: bk10.clo 2007/10/19 v1.4h Standard LaTeX file (size option)
)
\c@part=\count79
\c@chapter=\count80
\c@section=\count81
\c@subsection=\count82
\c@subsubsection=\count83
\c@paragraph=\count84
\c@subparagraph=\count85
\c@figure=\count86
\c@table=\count87
\abovecaptionskip=\skip41
\belowcaptionskip=\skip42
\bibindent=\dimen102
) (/usr/local/texlive/2012/texmf-dist/tex/latex/graphics/graphicx.sty
Package: graphicx 1999/02/16 v1.0f Enhanced LaTeX Graphics (DPC,SPQR)
(/usr/local/texlive/2012/texmf-dist/tex/latex/graphics/keyval.sty
Package: keyval 1999/03/16 v1.13 key=value parser (DPC)
\KV@toks@=\toks14
) (/usr/local/texlive/2012/texmf-dist/tex/latex/graphics/graphics.sty
Package: graphics 2009/02/05 v1.0o Standard LaTeX Graphics (DPC,SPQR)
(/usr/local/texlive/2012/texmf-dist/tex/latex/graphics/trig.sty
Package: trig 1999/03/16 v1.09 sin cos tan (DPC)
) (/usr/local/texlive/2012/texmf-dist/tex/latex/latexconfig/graphics.cfg
File: graphics.cfg 2010/04/23 v1.9 graphics configuration of TeX Live
)
Package graphics Info: Driver file: pdftex.def on input line 91.
(/usr/local/texlive/2012/texmf-dist/tex/latex/pdftex-def/pdftex.def
File: pdftex.def 2011/05/27 v0.06d Graphics/color for pdfTeX
(/usr/local/texlive/2012/texmf-dist/tex/generic/oberdiek/infwarerr.sty
Package: infwarerr 2010/04/08 v1.3 Providing info/warning/error messages (HO)
) (/usr/local/texlive/2012/texmf-dist/tex/generic/oberdiek/ltxcmds.sty
Package: ltxcmds 2011/11/09 v1.22 LaTeX kernel commands for general use (HO)
)
\Gread@gobject=\count88
))
\Gin@req@height=\dimen103
\Gin@req@width=\dimen104
) (/usr/local/texlive/2012/texmf-dist/tex/latex/base/latexsym.sty
Package: latexsym 1998/08/17 v2.2e Standard LaTeX package (lasy symbols)
\symlasy=\mathgroup4
LaTeX Font Info:    Overwriting symbol font `lasy' in version `bold'
(Font)                  U/lasy/m/n --> U/lasy/b/n on input line 47.
) (/usr/local/texlive/2012/texmf-dist/tex/latex/amsfonts/amssymb.sty
Package: amssymb 2009/06/22 v3.00
(/usr/local/texlive/2012/texmf-dist/tex/latex/amsfonts/amsfonts.sty
Package: amsfonts 2009/06/22 v3.00 Basic AMSFonts support
\@emptytoks=\toks15
\symAMSa=\mathgroup5
\symAMSb=\mathgroup6
LaTeX Font Info:    Overwriting math alphabet `\mathfrak' in version `bold'
(Font)                  U/euf/m/n --> U/euf/b/n on input line 96.
)) (/usr/local/texlive/2012/texmf-dist/tex/latex/hyperref/hyperref.sty
Package: hyperref 2012/05/13 v6.82q Hypertext links for LaTeX
(/usr/local/texlive/2012/texmf-dist/tex/generic/oberdiek/hobsub-hyperref.sty
Package: hobsub-hyperref 2012/05/28 v1.13 Bundle oberdiek, subset hyperref (HO)

(/usr/local/texlive/2012/texmf-dist/tex/generic/oberdiek/hobsub-generic.sty
Package: hobsub-generic 2012/05/28 v1.13 Bundle oberdiek, subset generic (HO)
Package: hobsub 2012/05/28 v1.13 Construct package bundles (HO)
Package hobsub Info: Skipping package `infwarerr' (already loaded).
Package hobsub Info: Skipping package `ltxcmds' (already loaded).
Package: ifluatex 2010/03/01 v1.3 Provides the ifluatex switch (HO)
Package ifluatex Info: LuaTeX not detected.
Package: ifvtex 2010/03/01 v1.5 Detect VTeX and its facilities (HO)
Package ifvtex Info: VTeX not detected.
Package: intcalc 2007/09/27 v1.1 Expandable calculations with integers (HO)
Package: ifpdf 2011/01/30 v2.3 Provides the ifpdf switch (HO)
Package ifpdf Info: pdfTeX in PDF mode is detected.
Package: etexcmds 2011/02/16 v1.5 Avoid name clashes with e-TeX commands (HO)
Package etexcmds Info: Could not find \expanded.
(etexcmds)             That can mean that you are not using pdfTeX 1.50 or
(etexcmds)             that some package has redefined \expanded.
(etexcmds)             In the latter case, load this package earlier.
Package: kvsetkeys 2012/04/25 v1.16 Key value parser (HO)
Package: kvdefinekeys 2011/04/07 v1.3 Define keys (HO)
Package: pdftexcmds 2011/11/29 v0.20 Utility functions of pdfTeX for LuaTeX (HO
)
Package pdftexcmds Info: LuaTeX not detected.
Package pdftexcmds Info: \pdf@primitive is available.
Package pdftexcmds Info: \pdf@ifprimitive is available.
Package pdftexcmds Info: \pdfdraftmode found.
Package: pdfescape 2011/11/25 v1.13 Implements pdfTeX's escape features (HO)
Package: bigintcalc 2012/04/08 v1.3 Expandable calculations on big integers (HO
)
Package: bitset 2011/01/30 v1.1 Handle bit-vector datatype (HO)
Package: uniquecounter 2011/01/30 v1.2 Provide unlimited unique counter (HO)
)
Package hobsub Info: Skipping package `hobsub' (already loaded).
Package: letltxmacro 2010/09/02 v1.4 Let assignment for LaTeX macros (HO)
Package: hopatch 2012/05/28 v1.2 Wrapper for package hooks (HO)
Package: xcolor-patch 2011/01/30 xcolor patch
Package: atveryend 2011/06/30 v1.8 Hooks at the very end of document (HO)
Package atveryend Info: \enddocument detected (standard20110627).
Package: atbegshi 2011/10/05 v1.16 At begin shipout hook (HO)
Package: refcount 2011/10/16 v3.4 Data extraction from label references (HO)
Package: hycolor 2011/01/30 v1.7 Color options for hyperref/bookmark (HO)
) (/usr/local/texlive/2012/texmf-dist/tex/generic/ifxetex/ifxetex.sty
Package: ifxetex 2010/09/12 v0.6 Provides ifxetex conditional
) (/usr/local/texlive/2012/texmf-dist/tex/latex/oberdiek/kvoptions.sty
Package: kvoptions 2011/06/30 v3.11 Key value format for package options (HO)
)
\@linkdim=\dimen105
\Hy@linkcounter=\count89
\Hy@pagecounter=\count90
(/usr/local/texlive/2012/texmf-dist/tex/latex/hyperref/pd1enc.def
File: pd1enc.def 2012/05/13 v6.82q Hyperref: PDFDocEncoding definition (HO)
)
\Hy@SavedSpaceFactor=\count91
(/usr/local/texlive/2012/texmf-dist/tex/latex/latexconfig/hyperref.cfg
File: hyperref.cfg 2002/06/06 v1.2 hyperref configuration of TeXLive
)
Package hyperref Info: Option `colorlinks' set `true' on input line 3941.
Package hyperref Info: Hyper figures OFF on input line 4062.
Package hyperref Info: Link nesting OFF on input line 4067.
Package hyperref Info: Hyper index ON on input line 4070.
Package hyperref Info: Plain pages OFF on input line 4077.
Package hyperref Info: Backreferencing OFF on input line 4082.
Package hyperref Info: Implicit mode ON; LaTeX internals redefined.
Package hyperref Info: Bookmarks ON on input line 4300.
\c@Hy@tempcnt=\count92
(/usr/local/texlive/2012/texmf-dist/tex/latex/url/url.sty
\Urlmuskip=\muskip10
Package: url 2006/04/12  ver 3.3  Verb mode for urls, etc.
)
LaTeX Info: Redefining \url on input line 4653.
\Fld@menulength=\count93
\Field@Width=\dimen106
\Fld@charsize=\dimen107
Package hyperref Info: Hyper figures OFF on input line 5773.
Package hyperref Info: Link nesting OFF on input line 5778.
Package hyperref Info: Hyper index ON on input line 5781.
Package hyperref Info: backreferencing OFF on input line 5788.
Package hyperref Info: Link coloring ON on input line 5791.
Package hyperref Info: Link coloring with OCG OFF on input line 5798.
Package hyperref Info: PDF/A mode OFF on input line 5803.
LaTeX Info: Redefining \ref on input line 5843.
LaTeX Info: Redefining \pageref on input line 5847.
\Hy@abspage=\count94
\c@Item=\count95
\c@Hfootnote=\count96
)

Package hyperref Message: Driver (autodetected): hpdftex.

(/usr/local/texlive/2012/texmf-dist/tex/latex/hyperref/hpdftex.def
File: hpdftex.def 2012/05/13 v6.82q Hyperref driver for pdfTeX
\Fld@listcount=\count97
\c@bookmark@seq@number=\count98
(/usr/local/texlive/2012/texmf-dist/tex/latex/oberdiek/rerunfilecheck.sty
Package: rerunfilecheck 2011/04/15 v1.7 Rerun checks for auxiliary files (HO)
Package uniquecounter Info: New unique counter `rerunfilecheck' on input line 2
82.
)
\Hy@SectionHShift=\skip43
) (/usr/local/texlive/2012/texmf-dist/tex/latex/graphics/color.sty
Package: color 2005/11/14 v1.0j Standard LaTeX Color (DPC)
(/usr/local/texlive/2012/texmf-dist/tex/latex/latexconfig/color.cfg
File: color.cfg 2007/01/18 v1.5 color configuration of teTeX/TeXLive
)
Package color Info: Driver file: pdftex.def on input line 130.
) (./cwf_ug_3_2_4.aux)
\openout1 = `cwf_ug_3_2_4.aux'.

LaTeX Font Info:    Checking defaults for OML/cmm/m/it on input line 16.
LaTeX Font Info:    ... okay on input line 16.
LaTeX Font Info:    Checking defaults for T1/cmr/m/n on input line 16.
LaTeX Font Info:    ... okay on input line 16.
LaTeX Font Info:    Checking defaults for OT1/cmr/m/n on input line 16.
LaTeX Font Info:    ... okay on input line 16.
LaTeX Font Info:    Checking defaults for OMS/cmsy/m/n on input line 16.
LaTeX Font Info:    ... okay on input line 16.
LaTeX Font Info:    Checking defaults for OMX/cmex/m/n on input line 16.
LaTeX Font Info:    ... okay on input line 16.
LaTeX Font Info:    Checking defaults for U/cmr/m/n on input line 16.
LaTeX Font Info:    ... okay on input line 16.
LaTeX Font Info:    Checking defaults for PD1/pdf/m/n on input line 16.
LaTeX Font Info:    ... okay on input line 16.
(/usr/local/texlive/2012/texmf-dist/tex/context/base/supp-pdf.mkii
[Loading MPS to PDF converter (version 2006.09.02).]
\scratchcounter=\count99
\scratchdimen=\dimen108
\scratchbox=\box26
\nofMPsegments=\count100
\nofMParguments=\count101
\everyMPshowfont=\toks16
\MPscratchCnt=\count102
\MPscratchDim=\dimen109
\MPnumerator=\count103
\makeMPintoPDFobject=\count104
\everyMPtoPDFconversion=\toks17
) (/usr/local/texlive/2012/texmf-dist/tex/latex/oberdiek/epstopdf-base.sty
Package: epstopdf-base 2010/02/09 v2.5 Base part for package epstopdf
(/usr/local/texlive/2012/texmf-dist/tex/latex/oberdiek/grfext.sty
Package: grfext 2010/08/19 v1.1 Manage graphics extensions (HO)
)
Package grfext Info: Graphics extension search list:
(grfext)             [.png,.pdf,.jpg,.mps,.jpeg,.jbig2,.jb2,.PNG,.PDF,.JPG,.JPE
G,.JBIG2,.JB2,.eps]
(grfext)             \AppendGraphicsExtensions on input line 452.
(/usr/local/texlive/2012/texmf-dist/tex/latex/latexconfig/epstopdf-sys.cfg
File: epstopdf-sys.cfg 2010/07/13 v1.3 Configuration of (r)epstopdf for TeX Liv
e
))
\AtBeginShipoutBox=\box27
Package hyperref Info: Link coloring ON on input line 16.
(/usr/local/texlive/2012/texmf-dist/tex/latex/hyperref/nameref.sty
Package: nameref 2010/04/30 v2.40 Cross-referencing by name of section
(/usr/local/texlive/2012/texmf-dist/tex/generic/oberdiek/gettitlestring.sty
Package: gettitlestring 2010/12/03 v1.4 Cleanup title references (HO)
)
\c@section@level=\count105
)
LaTeX Info: Redefining \ref on input line 16.
LaTeX Info: Redefining \pageref on input line 16.
LaTeX Info: Redefining \nameref on input line 16.
(./cwf_ug_3_2_4.out) (./cwf_ug_3_2_4.out)
\@outlinefile=\write3
\openout3 = `cwf_ug_3_2_4.out'.

(./title.tex <icons/cdat.png, id=369, 256.96pt x 256.96pt>
File: icons/cdat.png Graphic file (type png)
<use icons/cdat.png>
Package pdftex.def Info: icons/cdat.png used on input line 4.
(pdftex.def)             Requested size: 72.26982pt x 72.26999pt.
[1


{/usr/local/texlive/2012/texmf-var/fonts/map/pdftex/updmap/pdftex.map} <./icons
/cdat.png (PNG copy)>]
LaTeX Font Info:    Try loading font information for U+lasy on input line 49.
(/usr/local/texlive/2012/texmf-dist/tex/latex/base/ulasy.fd
File: ulasy.fd 1998/08/17 v2.2e LaTeX symbol font definitions
)
LaTeX Font Info:    Try loading font information for U+msa on input line 49.
(/usr/local/texlive/2012/texmf-dist/tex/latex/amsfonts/umsa.fd
File: umsa.fd 2009/06/22 v3.00 AMS symbols A
)
LaTeX Font Info:    Try loading font information for U+msb on input line 49.
(/usr/local/texlive/2012/texmf-dist/tex/latex/amsfonts/umsb.fd
File: umsb.fd 2009/06/22 v3.00 AMS symbols B
)
LaTeX Font Info:    Try loading font information for OMS+cmr on input line 83.
(/usr/local/texlive/2012/texmf-dist/tex/latex/base/omscmr.fd
File: omscmr.fd 1999/05/25 v2.5h Standard LaTeX font definitions
)
LaTeX Font Info:    Font shape `OMS/cmr/m/n' in size <10> not available
(Font)              Font shape `OMS/cmsy/m/n' tried instead on input line 83.
[1] [2] (./cwf_ug_3_2_4.toc [3

]
Underfull \vbox (badness 1205) has occurred while \output is active []

[4]
Underfull \vbox (badness 2875) has occurred while \output is active []

[5])
\tf@toc=\write4
\openout4 = `cwf_ug_3_2_4.toc'.

[6] (./cwf_ug_3_2_4.lof)
\tf@lof=\write5
\openout5 = `cwf_ug_3_2_4.lof'.

[7

]) (./intro.texpdfTeX warning (ext4): destination with the same identifier (nam
e{page.1}) has been already used, duplicate ignored
<to be read again> 
                   \relax 
l.1 \chapter
            {Introduction} [1

] [2

]
Chapter 1.
[3] <icons/apple.pdf, id=573, 614.295pt x 794.97pt>
File: icons/apple.pdf Graphic file (type pdf)
<use icons/apple.pdf>
Package pdftex.def Info: icons/apple.pdf used on input line 81.
(pdftex.def)             Requested size: 8.53581pt x 11.03851pt.
[4 <./icons/apple.pdf>]
LaTeX Font Info:    Try loading font information for OMS+cmtt on input line 139
.
LaTeX Font Info:    No file OMScmtt.fd. on input line 139.

LaTeX Font Warning: Font shape `OMS/cmtt/m/n' undefined
(Font)              using `OMS/cmsy/m/n' instead
(Font)              for symbol `textbraceleft' on input line 139.


Overfull \hbox (27.48131pt too wide) in paragraph at lines 149--156
\OT1/cmr/m/n/10 which will in-stall or up-grade the soft-ware into \OT1/cmtt/m/
n/10 /opt/cwf \OT1/cmr/m/n/10 and cre-ate links to the ex-e-cuta-bles in \OT1/c
mtt/m/n/10 /usr/local/bin\OT1/cmr/m/n/10 .
 []

[5]
Overfull \hbox (10.10938pt too wide) in paragraph at lines 196--199
[]\OT1/cmr/m/n/10 Interactive vi-su-al-iza-tion/analysis, batch im-age ren-der-
ing, an-cil-lary graph-
 []

) (./common.tex [6]
Chapter 2.
[7

] [8]
Underfull \vbox (badness 10000) has occurred while \output is active []

[9]) (./cdat.tex [10]
Chapter 3.
<figures/cdat_components.pdf, id=665, 407.5225pt x 391.4625pt>
File: figures/cdat_components.pdf Graphic file (type pdf)
<use figures/cdat_components.pdf>
Package pdftex.def Info: figures/cdat_components.pdf used on input line 22.
(pdftex.def)             Requested size: 407.5215pt x 391.46153pt.
<icons/delete.png, id=667, 48.18pt x 48.18pt>
File: icons/delete.png Graphic file (type png)
<use icons/delete.png>
Package pdftex.def Info: icons/delete.png used on input line 49.
(pdftex.def)             Requested size: 11.38109pt x 11.3811pt.
[11

 <./icons/delete.png (PNG copy)>] [12 <./figures/cdat_components.pdf>] <icons/f
older_out.png, id=682, 48.18pt x 48.18pt>
File: icons/folder_out.png Graphic file (type png)
<use icons/folder_out.png>
Package pdftex.def Info: icons/folder_out.png used on input line 84.
(pdftex.def)             Requested size: 11.38109pt x 11.3811pt.
<icons/harddisk.png, id=684, 48.18pt x 48.18pt>
File: icons/harddisk.png Graphic file (type png)
<use icons/harddisk.png>
Package pdftex.def Info: icons/harddisk.png used on input line 87.
(pdftex.def)             Requested size: 11.38109pt x 11.3811pt.
<icons/harddisk_network.png, id=685, 48.18pt x 48.18pt>
File: icons/harddisk_network.png Graphic file (type png)
<use icons/harddisk_network.png>
Package pdftex.def Info: icons/harddisk_network.png used on input line 88.
(pdftex.def)             Requested size: 11.38109pt x 11.3811pt.
File: icons/harddisk.png Graphic file (type png)
<use icons/harddisk.png>
Package pdftex.def Info: icons/harddisk.png used on input line 92.
(pdftex.def)             Requested size: 11.38109pt x 11.3811pt.
<figures/file_open.pdf, id=687, 273.02pt x 208.78pt>
File: figures/file_open.pdf Graphic file (type pdf)
<use figures/file_open.pdf>
Package pdftex.def Info: figures/file_open.pdf used on input line 102.
(pdftex.def)             Requested size: 273.01933pt x 208.77946pt.
<icons/command.pdf, id=688, 614.295pt x 794.97pt>
File: icons/command.pdf Graphic file (type pdf)
<use icons/command.pdf>
Package pdftex.def Info: icons/command.pdf used on input line 120.
(pdftex.def)             Requested size: 8.53581pt x 11.03851pt.
[13 <./figures/file_open.pdf> <./icons/folder_out.png (PNG copy)> <./icons/hard
disk.png (PNG copy)> <./icons/harddisk_network.png (PNG copy)>] <icons/selectio
n_view.png, id=698, 48.18pt x 48.18pt>
File: icons/selection_view.png Graphic file (type png)
<use icons/selection_view.png>
Package pdftex.def Info: icons/selection_view.png used on input line 148.
(pdftex.def)             Requested size: 11.38109pt x 11.3811pt.
<icons/zoom_in.png, id=699, 48.18pt x 48.18pt>
File: icons/zoom_in.png Graphic file (type png)
<use icons/zoom_in.png>
Package pdftex.def Info: icons/zoom_in.png used on input line 150.
(pdftex.def)             Requested size: 11.38109pt x 11.3811pt.
<icons/view_1_1.png, id=700, 48.18pt x 48.18pt>
File: icons/view_1_1.png Graphic file (type png)
<use icons/view_1_1.png>
Package pdftex.def Info: icons/view_1_1.png used on input line 151.
(pdftex.def)             Requested size: 11.38109pt x 11.3811pt.
<icons/zoom_out.png, id=701, 48.18pt x 48.18pt>
File: icons/zoom_out.png Graphic file (type png)
<use icons/zoom_out.png>
Package pdftex.def Info: icons/zoom_out.png used on input line 155.
(pdftex.def)             Requested size: 11.38109pt x 11.3811pt.
<icons/signpost.png, id=702, 48.18pt x 48.18pt>
File: icons/signpost.png Graphic file (type png)
<use icons/signpost.png>
Package pdftex.def Info: icons/signpost.png used on input line 158.
(pdftex.def)             Requested size: 11.38109pt x 11.3811pt.
<icons/flash.png, id=703, 48.18pt x 48.18pt>
File: icons/flash.png Graphic file (type png)
<use icons/flash.png>
Package pdftex.def Info: icons/flash.png used on input line 160.
(pdftex.def)             Requested size: 11.38109pt x 11.3811pt.
<icons/undo.png, id=704, 48.18pt x 48.18pt>
File: icons/undo.png Graphic file (type png)
<use icons/undo.png>
Package pdftex.def Info: icons/undo.png used on input line 165.
(pdftex.def)             Requested size: 11.38109pt x 11.3811pt.
<icons/fit_to_size.png, id=705, 48.18pt x 48.18pt>
File: icons/fit_to_size.png Graphic file (type png)
<use icons/fit_to_size.png>
Package pdftex.def Info: icons/fit_to_size.png used on input line 167.
(pdftex.def)             Requested size: 11.38109pt x 11.3811pt.
<icons/column-chart.png, id=706, 48.18pt x 48.18pt>
File: icons/column-chart.png Graphic file (type png)
<use icons/column-chart.png>
Package pdftex.def Info: icons/column-chart.png used on input line 181.
(pdftex.def)             Requested size: 11.38109pt x 11.3811pt.
<icons/palette.png, id=707, 48.18pt x 48.18pt>
File: icons/palette.png Graphic file (type png)
<use icons/palette.png>
Package pdftex.def Info: icons/palette.png used on input line 182.
(pdftex.def)             Requested size: 11.38109pt x 11.3811pt.
[14 <./icons/command.pdf> <./icons/selection_view.png (PNG copy)> <./icons/zoom
_in.png (PNG copy)> <./icons/view_1_1.png (PNG copy)> <./icons/zoom_out.png (PN
G copy)> <./icons/signpost.png (PNG copy)> <./icons/flash.png (PNG copy)> <./ic
ons/undo.png (PNG copy)> <./icons/fit_to_size.png> <./icons/column-chart.png (P
NG copy)> <./icons/palette.png (PNG copy)>] <figures/color_tabs.pdf, id=717, 27
8.03876pt x 204.765pt>
File: figures/color_tabs.pdf Graphic file (type pdf)
<use figures/color_tabs.pdf>
Package pdftex.def Info: figures/color_tabs.pdf used on input line 195.
(pdftex.def)             Requested size: 278.03807pt x 204.76448pt.
<figures/enhancement.pdf, id=718, 327.2225pt x 177.66376pt>
File: figures/enhancement.pdf Graphic file (type pdf)
<use figures/enhancement.pdf>
Package pdftex.def Info: figures/enhancement.pdf used on input line 207.
(pdftex.def)             Requested size: 327.2217pt x 177.66331pt.
File: icons/column-chart.png Graphic file (type png)
<use icons/column-chart.png>
Package pdftex.def Info: icons/column-chart.png used on input line 217.
(pdftex.def)             Requested size: 11.38109pt x 11.3811pt.
File: icons/palette.png Graphic file (type png)
<use icons/palette.png>
Package pdftex.def Info: icons/palette.png used on input line 234.
(pdftex.def)             Requested size: 11.38109pt x 11.3811pt.
<icons/tables.png, id=721, 48.18pt x 48.18pt>
File: icons/tables.png Graphic file (type png)
<use icons/tables.png>
Package pdftex.def Info: icons/tables.png used on input line 252.
(pdftex.def)             Requested size: 11.38109pt x 11.3811pt.
[15 <./figures/color_tabs.pdf>] <figures/layers.pdf, id=732, 390.45876pt x 186.
6975pt>
File: figures/layers.pdf Graphic file (type pdf)
<use figures/layers.pdf>
Package pdftex.def Info: figures/layers.pdf used on input line 257.
(pdftex.def)             Requested size: 390.4578pt x 186.69704pt.
<figures/overlays_tab.pdf, id=733, 226.8475pt x 147.55125pt>
File: figures/overlays_tab.pdf Graphic file (type pdf)
<use figures/overlays_tab.pdf>
Package pdftex.def Info: figures/overlays_tab.pdf used on input line 267.
(pdftex.def)             Requested size: 226.84694pt x 147.55087pt.
File: icons/tables.png Graphic file (type png)
<use icons/tables.png>
Package pdftex.def Info: icons/tables.png used on input line 270.
(pdftex.def)             Requested size: 11.38109pt x 11.3811pt.
<icons/table.png, id=734, 48.18pt x 48.18pt>
File: icons/table.png Graphic file (type png)
<use icons/table.png>
Package pdftex.def Info: icons/table.png used on input line 283.
(pdftex.def)             Requested size: 11.38109pt x 11.3811pt.
<icons/environment.png, id=735, 48.18pt x 48.18pt>
File: icons/environment.png Graphic file (type png)
<use icons/environment.png>
Package pdftex.def Info: icons/environment.png used on input line 286.
(pdftex.def)             Requested size: 11.38109pt x 11.3811pt.
<icons/cube_molecule.png, id=736, 48.18pt x 48.18pt>
File: icons/cube_molecule.png Graphic file (type png)
<use icons/cube_molecule.png>
Package pdftex.def Info: icons/cube_molecule.png used on input line 291.
(pdftex.def)             Requested size: 11.38109pt x 11.3811pt.
<icons/earth2.png, id=737, 48.18pt x 48.18pt>
File: icons/earth2.png Graphic file (type png)
<use icons/earth2.png>
Package pdftex.def Info: icons/earth2.png used on input line 298.
(pdftex.def)             Requested size: 11.38109pt x 11.3811pt.
<icons/flag_red.png, id=739, 48.18pt x 48.18pt>
File: icons/flag_red.png Graphic file (type png)
<use icons/flag_red.png>
Package pdftex.def Info: icons/flag_red.png used on input line 308.
(pdftex.def)             Requested size: 11.38109pt x 11.3811pt.
[16 <./figures/enhancement.pdf> <./icons/tables.png (PNG copy)> <./icons/table.
png (PNG copy)> <./icons/environment.png (PNG copy)> <./icons/cube_molecule.png
 (PNG copy)> <./icons/earth2.png (PNG copy)> <./icons/flag_red.png (PNG copy)>]
[17 <./figures/layers.pdf> <./figures/overlays_tab.pdf>] <icons/photo_scenery.p
ng, id=764, 48.18pt x 48.18pt>
File: icons/photo_scenery.png Graphic file (type png)
<use icons/photo_scenery.png>
Package pdftex.def Info: icons/photo_scenery.png used on input line 314.
(pdftex.def)             Requested size: 11.38109pt x 11.3811pt.
<icons/masks.png, id=766, 48.18pt x 48.18pt>
File: icons/masks.png Graphic file (type png)
<use icons/masks.png>
Package pdftex.def Info: icons/masks.png used on input line 321.
(pdftex.def)             Requested size: 11.38109pt x 11.3811pt.
<icons/cubes_green.png, id=767, 48.18pt x 48.18pt>
File: icons/cubes_green.png Graphic file (type png)
<use icons/cubes_green.png>
Package pdftex.def Info: icons/cubes_green.png used on input line 325.
(pdftex.def)             Requested size: 11.38109pt x 11.3811pt.
<icons/cubes.png, id=768, 48.18pt x 48.18pt>
File: icons/cubes.png Graphic file (type png)
<use icons/cubes.png>
Package pdftex.def Info: icons/cubes.png used on input line 341.
(pdftex.def)             Requested size: 11.38109pt x 11.3811pt.
<icons/calculator.png, id=769, 48.18pt x 48.18pt>
File: icons/calculator.png Graphic file (type png)
<use icons/calculator.png>
Package pdftex.def Info: icons/calculator.png used on input line 354.
(pdftex.def)             Requested size: 11.38109pt x 11.3811pt.
<icons/shapes.png, id=771, 48.18pt x 48.18pt>
File: icons/shapes.png Graphic file (type png)
<use icons/shapes.png>
Package pdftex.def Info: icons/shapes.png used on input line 370.
(pdftex.def)             Requested size: 11.38109pt x 11.3811pt.
File: icons/tables.png Graphic file (type png)
<use icons/tables.png>
Package pdftex.def Info: icons/tables.png used on input line 382.
(pdftex.def)             Requested size: 11.38109pt x 11.3811pt.
<icons/document_edit.png, id=772, 48.18pt x 48.18pt>
File: icons/document_edit.png Graphic file (type png)
<use icons/document_edit.png>
Package pdftex.def Info: icons/document_edit.png used on input line 389.
(pdftex.def)             Requested size: 11.38109pt x 11.3811pt.
<icons/arrow_up_green.png, id=773, 48.18pt x 48.18pt>
File: icons/arrow_up_green.png Graphic file (type png)
<use icons/arrow_up_green.png>
Package pdftex.def Info: icons/arrow_up_green.png used on input line 394.
(pdftex.def)             Requested size: 11.38109pt x 11.3811pt.
<icons/arrow_down_green.png, id=774, 48.18pt x 48.18pt>
File: icons/arrow_down_green.png Graphic file (type png)
<use icons/arrow_down_green.png>
Package pdftex.def Info: icons/arrow_down_green.png used on input line 395.
(pdftex.def)             Requested size: 11.38109pt x 11.3811pt.
File: icons/delete.png Graphic file (type png)
<use icons/delete.png>
Package pdftex.def Info: icons/delete.png used on input line 397.
(pdftex.def)             Requested size: 11.38109pt x 11.3811pt.
[18 <./icons/photo_scenery.png (PNG copy)> <./icons/masks.png (PNG copy)> <./ic
ons/cubes_green.png (PNG copy)> <./icons/cubes.png (PNG copy)> <./icons/calcula
tor.png (PNG copy)> <./icons/shapes.png (PNG copy)> <./icons/document_edit.png 
(PNG copy)>] <figures/overlay_groups.pdf, id=782, 320.19624pt x 145.54375pt>
File: figures/overlay_groups.pdf Graphic file (type pdf)
<use figures/overlay_groups.pdf>
Package pdftex.def Info: figures/overlay_groups.pdf used on input line 431.
(pdftex.def)             Requested size: 320.19545pt x 145.54338pt.
File: icons/folder_out.png Graphic file (type png)
<use icons/folder_out.png>
Package pdftex.def Info: icons/folder_out.png used on input line 442.
(pdftex.def)             Requested size: 11.38109pt x 11.3811pt.
File: icons/command.pdf Graphic file (type pdf)
<use icons/command.pdf>
Package pdftex.def Info: icons/command.pdf used on input line 446.
(pdftex.def)             Requested size: 8.53581pt x 11.03851pt.
<icons/disk_blue.png, id=783, 48.18pt x 48.18pt>
File: icons/disk_blue.png Graphic file (type png)
<use icons/disk_blue.png>
Package pdftex.def Info: icons/disk_blue.png used on input line 447.
(pdftex.def)             Requested size: 11.38109pt x 11.3811pt.
File: icons/delete.png Graphic file (type png)
<use icons/delete.png>
Package pdftex.def Info: icons/delete.png used on input line 450.
(pdftex.def)             Requested size: 11.38109pt x 11.3811pt.
<icons/tape_measure2.png, id=786, 48.18pt x 48.18pt>
File: icons/tape_measure2.png Graphic file (type png)
<use icons/tape_measure2.png>
Package pdftex.def Info: icons/tape_measure2.png used on input line 464.
(pdftex.def)             Requested size: 11.38109pt x 11.3811pt.
[19 <./figures/overlay_groups.pdf> <./icons/arrow_up_green.png (PNG copy)> <./i
cons/arrow_down_green.png (PNG copy)> <./icons/disk_blue.png (PNG copy)>] <figu
res/surveys_tab.pdf, id=797, 226.8475pt x 138.5175pt>
File: figures/surveys_tab.pdf Graphic file (type pdf)
<use figures/surveys_tab.pdf>
Package pdftex.def Info: figures/surveys_tab.pdf used on input line 472.
(pdftex.def)             Requested size: 226.84694pt x 138.51715pt.
File: icons/tape_measure2.png Graphic file (type png)
<use icons/tape_measure2.png>
Package pdftex.def Info: icons/tape_measure2.png used on input line 475.
(pdftex.def)             Requested size: 11.38109pt x 11.3811pt.
<icons/pin_blue.png, id=798, 48.18pt x 48.18pt>
File: icons/pin_blue.png Graphic file (type png)
<use icons/pin_blue.png>
Package pdftex.def Info: icons/pin_blue.png used on input line 486.
(pdftex.def)             Requested size: 11.38109pt x 11.3811pt.
<icons/bullet_ball_glass_blue_line.png, id=799, 24.09pt x 24.09pt>
File: icons/bullet_ball_glass_blue_line.png Graphic file (type png)
<use icons/bullet_ball_glass_blue_line.png>
Package pdftex.def Info: icons/bullet_ball_glass_blue_line.png used on input li
ne 493.
(pdftex.def)             Requested size: 11.38109pt x 11.3811pt.
<icons/bullet_ball_glass_blue_box.png, id=800, 24.09pt x 24.09pt>
File: icons/bullet_ball_glass_blue_box.png Graphic file (type png)
<use icons/bullet_ball_glass_blue_box.png>
Package pdftex.def Info: icons/bullet_ball_glass_blue_box.png used on input lin
e 500.
(pdftex.def)             Requested size: 11.38109pt x 11.3811pt.
<icons/bullet_ball_glass_blue_polygon.png, id=801, 24.09pt x 24.09pt>
File: icons/bullet_ball_glass_blue_polygon.png Graphic file (type png)
<use icons/bullet_ball_glass_blue_polygon.png>
Package pdftex.def Info: icons/bullet_ball_glass_blue_polygon.png used on input
 line 506.
(pdftex.def)             Requested size: 11.38109pt x 11.3811pt.
File: icons/delete.png Graphic file (type png)
<use icons/delete.png>
Package pdftex.def Info: icons/delete.png used on input line 523.
(pdftex.def)             Requested size: 11.38109pt x 11.3811pt.
File: icons/tables.png Graphic file (type png)
<use icons/tables.png>
Package pdftex.def Info: icons/tables.png used on input line 525.
(pdftex.def)             Requested size: 11.38109pt x 11.3811pt.
[20 <./figures/surveys_tab.pdf> <./icons/tape_measure2.png (PNG copy)> <./icons
/pin_blue.png (PNG copy)> <./icons/bullet_ball_glass_blue_line.png> <./icons/bu
llet_ball_glass_blue_box.png> <./icons/bullet_ball_glass_blue_polygon.png>] <ic
ons/pda_write.png, id=814, 48.18pt x 48.18pt>
File: icons/pda_write.png Graphic file (type png)
<use icons/pda_write.png>
Package pdftex.def Info: icons/pda_write.png used on input line 569.
(pdftex.def)             Requested size: 11.38109pt x 11.3811pt.
<figures/annotations_tab.pdf, id=816, 296.10625pt x 138.5175pt>
File: figures/annotations_tab.pdf Graphic file (type pdf)
<use figures/annotations_tab.pdf>
Package pdftex.def Info: figures/annotations_tab.pdf used on input line 575.
(pdftex.def)             Requested size: 296.10551pt x 138.51715pt.
File: icons/pda_write.png Graphic file (type png)
<use icons/pda_write.png>
Package pdftex.def Info: icons/pda_write.png used on input line 578.
(pdftex.def)             Requested size: 11.38109pt x 11.3811pt.
File: icons/bullet_ball_glass_blue_line.png Graphic file (type png)
<use icons/bullet_ball_glass_blue_line.png>
Package pdftex.def Info: icons/bullet_ball_glass_blue_line.png used on input li
ne 590.
(pdftex.def)             Requested size: 11.38109pt x 11.3811pt.
<icons/bullet_ball_glass_blue_polyline.png, id=817, 24.09pt x 24.09pt>
File: icons/bullet_ball_glass_blue_polyline.png Graphic file (type png)
<use icons/bullet_ball_glass_blue_polyline.png>
Package pdftex.def Info: icons/bullet_ball_glass_blue_polyline.png used on inpu
t line 593.
(pdftex.def)             Requested size: 11.38109pt x 11.3811pt.
[21 <./icons/pda_write.png (PNG copy)>]
File: icons/bullet_ball_glass_blue_box.png Graphic file (type png)
<use icons/bullet_ball_glass_blue_box.png>
Package pdftex.def Info: icons/bullet_ball_glass_blue_box.png used on input lin
e 597.
(pdftex.def)             Requested size: 11.38109pt x 11.3811pt.
File: icons/bullet_ball_glass_blue_polygon.png Graphic file (type png)
<use icons/bullet_ball_glass_blue_polygon.png>
Package pdftex.def Info: icons/bullet_ball_glass_blue_polygon.png used on input
 line 601.
(pdftex.def)             Requested size: 11.38109pt x 11.3811pt.
<icons/bullet_ball_glass_blue_circle.png, id=822, 24.09pt x 24.09pt>
File: icons/bullet_ball_glass_blue_circle.png Graphic file (type png)
<use icons/bullet_ball_glass_blue_circle.png>
Package pdftex.def Info: icons/bullet_ball_glass_blue_circle.png used on input 
line 605.
(pdftex.def)             Requested size: 11.38109pt x 11.3811pt.
<icons/bullet_ball_glass_blue_curve.png, id=823, 24.09pt x 24.09pt>
File: icons/bullet_ball_glass_blue_curve.png Graphic file (type png)
<use icons/bullet_ball_glass_blue_curve.png>
Package pdftex.def Info: icons/bullet_ball_glass_blue_curve.png used on input l
ine 609.
(pdftex.def)             Requested size: 11.38109pt x 11.3811pt.
<icons/font.png, id=824, 48.18pt x 48.18pt>
File: icons/font.png Graphic file (type png)
<use icons/font.png>
Package pdftex.def Info: icons/font.png used on input line 614.
(pdftex.def)             Requested size: 11.38109pt x 11.3811pt.
[22 <./figures/annotations_tab.pdf> <./icons/bullet_ball_glass_blue_polyline.pn
g> <./icons/bullet_ball_glass_blue_circle.png> <./icons/bullet_ball_glass_blue_
curve.png> <./icons/font.png (PNG copy)>] <figures/composite_tab.pdf, id=839, 2
66.9975pt x 51.19125pt>
File: figures/composite_tab.pdf Graphic file (type pdf)
<use figures/composite_tab.pdf>
Package pdftex.def Info: figures/composite_tab.pdf used on input line 647.
(pdftex.def)             Requested size: 266.99683pt x 51.19112pt.
<icons/colors.png, id=840, 48.18pt x 48.18pt>
File: icons/colors.png Graphic file (type png)
<use icons/colors.png>
Package pdftex.def Info: icons/colors.png used on input line 650.
(pdftex.def)             Requested size: 11.38109pt x 11.3811pt.
File: icons/colors.png Graphic file (type png)
<use icons/colors.png>
Package pdftex.def Info: icons/colors.png used on input line 655.
(pdftex.def)             Requested size: 11.38109pt x 11.3811pt.
File: icons/colors.png Graphic file (type png)
<use icons/colors.png>
Package pdftex.def Info: icons/colors.png used on input line 664.
(pdftex.def)             Requested size: 11.38109pt x 11.3811pt.
File: icons/column-chart.png Graphic file (type png)
<use icons/column-chart.png>
Package pdftex.def Info: icons/column-chart.png used on input line 671.
(pdftex.def)             Requested size: 11.38109pt x 11.3811pt.
File: icons/colors.png Graphic file (type png)
<use icons/colors.png>
Package pdftex.def Info: icons/colors.png used on input line 678.
(pdftex.def)             Requested size: 11.38109pt x 11.3811pt.
<figures/rgb_example.pdf, id=844, 373.395pt x 275.0275pt>
File: figures/rgb_example.pdf Graphic file (type pdf)
<use figures/rgb_example.pdf>
Package pdftex.def Info: figures/rgb_example.pdf used on input line 691.
(pdftex.def)             Requested size: 373.39409pt x 275.02682pt.
[23 <./figures/composite_tab.pdf> <./icons/colors.png (PNG copy)>] [24 <./figur
es/rgb_example.pdf>] <icons/environment_ok.png, id=873, 48.18pt x 48.18pt>
File: icons/environment_ok.png Graphic file (type png)
<use icons/environment_ok.png>
Package pdftex.def Info: icons/environment_ok.png used on input line 722.
(pdftex.def)             Requested size: 11.38109pt x 11.3811pt.
File: icons/environment_ok.png Graphic file (type png)
<use icons/environment_ok.png>
Package pdftex.def Info: icons/environment_ok.png used on input line 733.
(pdftex.def)             Requested size: 11.38109pt x 11.3811pt.
<figures/navigation_tab.pdf, id=876, 307.1475pt x 138.5175pt>
File: figures/navigation_tab.pdf Graphic file (type pdf)
<use figures/navigation_tab.pdf>
Package pdftex.def Info: figures/navigation_tab.pdf used on input line 751.
(pdftex.def)             Requested size: 307.14674pt x 138.51715pt.
File: icons/environment_ok.png Graphic file (type png)
<use icons/environment_ok.png>
Package pdftex.def Info: icons/environment_ok.png used on input line 754.
(pdftex.def)             Requested size: 11.38109pt x 11.3811pt.
<figures/correction.pdf, id=877, 366.36874pt x 193.72375pt>
File: figures/correction.pdf Graphic file (type pdf)
<use figures/correction.pdf>
Package pdftex.def Info: figures/correction.pdf used on input line 761.
(pdftex.def)             Requested size: 366.36784pt x 193.72327pt.
<icons/elements1.png, id=878, 48.18pt x 48.18pt>
File: icons/elements1.png Graphic file (type png)
<use icons/elements1.png>
Package pdftex.def Info: icons/elements1.png used on input line 775.
(pdftex.def)             Requested size: 11.38109pt x 11.3811pt.
<icons/element_replace.png, id=879, 48.18pt x 48.18pt>
File: icons/element_replace.png Graphic file (type png)
<use icons/element_replace.png>
Package pdftex.def Info: icons/element_replace.png used on input line 776.
(pdftex.def)             Requested size: 11.38109pt x 11.3811pt.
File: icons/elements1.png Graphic file (type png)
<use icons/elements1.png>
Package pdftex.def Info: icons/elements1.png used on input line 777.
(pdftex.def)             Requested size: 11.38109pt x 11.3811pt.
File: icons/element_replace.png Graphic file (type png)
<use icons/element_replace.png>
Package pdftex.def Info: icons/element_replace.png used on input line 780.
(pdftex.def)             Requested size: 11.38109pt x 11.3811pt.
[25 <./figures/navigation_tab.pdf> <./icons/environment_ok.png (PNG copy)> <./i
cons/elements1.png (PNG copy)> <./icons/element_replace.png (PNG copy)>] <figur
es/navigation_analysis.pdf, id=893, 270.00874pt x 184.69pt>
File: figures/navigation_analysis.pdf Graphic file (type pdf)
<use figures/navigation_analysis.pdf>
Package pdftex.def Info: figures/navigation_analysis.pdf used on input line 848
.
(pdftex.def)             Requested size: 270.00807pt x 184.68953pt.
[26 <./figures/correction.pdf>] <icons/pin_green.png, id=904, 48.18pt x 48.18pt
>
File: icons/pin_green.png Graphic file (type png)
<use icons/pin_green.png>
Package pdftex.def Info: icons/pin_green.png used on input line 858.
(pdftex.def)             Requested size: 11.38109pt x 11.3811pt.
<icons/magic-wand.png, id=905, 48.18pt x 48.18pt>
File: icons/magic-wand.png Graphic file (type png)
<use icons/magic-wand.png>
Package pdftex.def Info: icons/magic-wand.png used on input line 860.
(pdftex.def)             Requested size: 11.38109pt x 11.3811pt.
File: icons/delete.png Graphic file (type png)
<use icons/delete.png>
Package pdftex.def Info: icons/delete.png used on input line 888.
(pdftex.def)             Requested size: 11.38109pt x 11.3811pt.
[27 <./figures/navigation_analysis.pdf> <./icons/pin_green.png (PNG copy)> <./i
cons/magic-wand.png (PNG copy)>] <icons/export2.png, id=915, 48.18pt x 48.18pt>
File: icons/export2.png Graphic file (type png)
<use icons/export2.png>
Package pdftex.def Info: icons/export2.png used on input line 955.
(pdftex.def)             Requested size: 11.38109pt x 11.3811pt.
[28 <./icons/export2.png (PNG copy)>]
File: icons/export2.png Graphic file (type png)
<use icons/export2.png>
Package pdftex.def Info: icons/export2.png used on input line 1001.
(pdftex.def)             Requested size: 11.38109pt x 11.3811pt.
<icons/preferences.png, id=923, 48.18pt x 48.18pt>
File: icons/preferences.png Graphic file (type png)
<use icons/preferences.png>
Package pdftex.def Info: icons/preferences.png used on input line 1048.
(pdftex.def)             Requested size: 11.38109pt x 11.3811pt.
File: icons/column-chart.png Graphic file (type png)
<use icons/column-chart.png>
Package pdftex.def Info: icons/column-chart.png used on input line 1049.
(pdftex.def)             Requested size: 11.38109pt x 11.3811pt.
<icons/add.png, id=925, 48.18pt x 48.18pt>
File: icons/add.png Graphic file (type png)
<use icons/add.png>
Package pdftex.def Info: icons/add.png used on input line 1053.
(pdftex.def)             Requested size: 11.38109pt x 11.3811pt.
[29 <./icons/preferences.png (PNG copy)>]
File: icons/column-chart.png Graphic file (type png)
<use icons/column-chart.png>
Package pdftex.def Info: icons/column-chart.png used on input line 1068.
(pdftex.def)             Requested size: 11.38109pt x 11.3811pt.
File: icons/tape_measure2.png Graphic file (type png)
<use icons/tape_measure2.png>
Package pdftex.def Info: icons/tape_measure2.png used on input line 1069.
(pdftex.def)             Requested size: 11.38109pt x 11.3811pt.
File: icons/column-chart.png Graphic file (type png)
<use icons/column-chart.png>
Package pdftex.def Info: icons/column-chart.png used on input line 1091.
(pdftex.def)             Requested size: 11.38109pt x 11.3811pt.
<figures/enhancement_prefs.pdf, id=935, 230.8625pt x 165.61874pt>
File: figures/enhancement_prefs.pdf Graphic file (type pdf)
<use figures/enhancement_prefs.pdf>
Package pdftex.def Info: figures/enhancement_prefs.pdf used on input line 1102.

(pdftex.def)             Requested size: 230.86192pt x 165.61833pt.
File: icons/column-chart.png Graphic file (type png)
<use icons/column-chart.png>
Package pdftex.def Info: icons/column-chart.png used on input line 1106.
(pdftex.def)             Requested size: 11.38109pt x 11.3811pt.
File: icons/preferences.png Graphic file (type png)
<use icons/preferences.png>
Package pdftex.def Info: icons/preferences.png used on input line 1106.
(pdftex.def)             Requested size: 11.38109pt x 11.3811pt.
[30 <./figures/enhancement_prefs.pdf> <./icons/add.png (PNG copy)>]
File: icons/preferences.png Graphic file (type png)
<use icons/preferences.png>
Package pdftex.def Info: icons/preferences.png used on input line 1127.
(pdftex.def)             Requested size: 11.38109pt x 11.3811pt.
File: icons/harddisk_network.png Graphic file (type png)
<use icons/harddisk_network.png>
Package pdftex.def Info: icons/harddisk_network.png used on input line 1147.
(pdftex.def)             Requested size: 11.38109pt x 11.3811pt.
File: icons/folder_out.png Graphic file (type png)
<use icons/folder_out.png>
Package pdftex.def Info: icons/folder_out.png used on input line 1148.
(pdftex.def)             Requested size: 11.38109pt x 11.3811pt.
File: icons/tables.png Graphic file (type png)
<use icons/tables.png>
Package pdftex.def Info: icons/tables.png used on input line 1151.
(pdftex.def)             Requested size: 11.38109pt x 11.3811pt.
File: icons/palette.png Graphic file (type png)
<use icons/palette.png>
Package pdftex.def Info: icons/palette.png used on input line 1162.
(pdftex.def)             Requested size: 11.38109pt x 11.3811pt.
File: icons/preferences.png Graphic file (type png)
<use icons/preferences.png>
Package pdftex.def Info: icons/preferences.png used on input line 1163.
(pdftex.def)             Requested size: 11.38109pt x 11.3811pt.
File: icons/palette.png Graphic file (type png)
<use icons/palette.png>
Package pdftex.def Info: icons/palette.png used on input line 1183.
(pdftex.def)             Requested size: 11.38109pt x 11.3811pt.
[31]
File: icons/tape_measure2.png Graphic file (type png)
<use icons/tape_measure2.png>
Package pdftex.def Info: icons/tape_measure2.png used on input line 1223.
(pdftex.def)             Requested size: 11.38109pt x 11.3811pt.
File: icons/bullet_ball_glass_blue_box.png Graphic file (type png)
<use icons/bullet_ball_glass_blue_box.png>
Package pdftex.def Info: icons/bullet_ball_glass_blue_box.png used on input lin
e 1223.
(pdftex.def)             Requested size: 11.38109pt x 11.3811pt.
File: icons/tape_measure2.png Graphic file (type png)
<use icons/tape_measure2.png>
Package pdftex.def Info: icons/tape_measure2.png used on input line 1233.
(pdftex.def)             Requested size: 11.38109pt x 11.3811pt.
File: icons/pin_blue.png Graphic file (type png)
<use icons/pin_blue.png>
Package pdftex.def Info: icons/pin_blue.png used on input line 1233.
(pdftex.def)             Requested size: 11.38109pt x 11.3811pt.
File: icons/export2.png Graphic file (type png)
<use icons/export2.png>
Package pdftex.def Info: icons/export2.png used on input line 1249.
(pdftex.def)             Requested size: 11.38109pt x 11.3811pt.

Overfull \hbox (3.32487pt too wide) in paragraph at lines 1259--1262
[]\OT1/cmr/m/n/10 Color im-age op-tions $\OMS/cmtt/m/n/10 !$ \OT1/cmr/bx/n/10 -
-nolegends\OT1/cmr/m/n/10 , \OT1/cmr/bx/n/10 --tiffcomp\OT1/cmr/m/n/10 , \OT1/c
mr/bx/n/10 --worldfile\OT1/cmr/m/n/10 , \OT1/cmr/bx/n/10 --noantialias\OT1/cmr/
m/n/10 , \OT1/cmr/bx/n/10 --imagecolors
 []

[32]) (./api.tex [33] [34

]
Chapter 4.
[35] [36] [37] [38] [39] [40]) (./manual_pages.tex [41] [42

]
Appendix A.

Underfull \hbox (badness 10000) in paragraph at lines 16--19

 []


Underfull \vbox (badness 6252) has occurred while \output is active []

[43] [44]
Underfull \hbox (badness 10000) in paragraph at lines 71--80

 []


Underfull \hbox (badness 10000) in paragraph at lines 97--98

 []

[45] [46] [47]
Underfull \hbox (badness 10000) in paragraph at lines 185--197

 []

[48] [49] [50] [51]
Underfull \vbox (badness 10000) has occurred while \output is active []

[52]
Underfull \vbox (badness 10000) has occurred while \output is active []

[53]
Underfull \vbox (badness 10000) has occurred while \output is active []

[54]
Underfull \vbox (badness 10000) has occurred while \output is active []

[55] [56]
Underfull \hbox (badness 10000) in paragraph at lines 522--530

 []

[57]
Overfull \hbox (13.3348pt too wide) in paragraph at lines 546--548
[]\OT1/cmr/m/n/10 ]Turns on co-her-ent mode (only valid with \OT1/cmr/bx/n/10 -
-method
 []

[58] [59]
Underfull \hbox (badness 10000) in paragraph at lines 604--606

 []


Underfull \hbox (badness 10000) in paragraph at lines 610--613

 []


Underfull \hbox (badness 10000) in paragraph at lines 617--622

 []


Underfull \hbox (badness 10000) in paragraph at lines 626--630

 []


Underfull \hbox (badness 10000) in paragraph at lines 634--639

 []

[60] [61]
Overfull \hbox (23.17236pt too wide) in paragraph at lines 680--680
 []    \OT1/cmtt/m/n/10 <area shape="poly" id="region_0" coords="111,64,170,63,
179,132,108,134,111,64" />[] 
 []


Overfull \hbox (23.17236pt too wide) in paragraph at lines 680--680
 []    \OT1/cmtt/m/n/10 <area shape="poly" id="region_1" coords="75,106,132,109
,133,179,66,174,75,106" />[] 
 []


Overfull \hbox (38.92223pt too wide) in paragraph at lines 680--680
 []    \OT1/cmtt/m/n/10 <area shape="poly" id="region_2" coords="121,124,183,12
1,192,188,119,191,121,124" />[] 
 []


Overfull \hbox (3.6886pt too wide) in paragraph at lines 696--699
[]\OT1/cmr/m/n/10 A list of ground sta-tion lo-ca-tions. For each ground
 []

[62] [63]
Underfull \hbox (badness 10000) in paragraph at lines 740--747

 []


Underfull \hbox (badness 10000) in paragraph at lines 751--758

 []

[64]
Overfull \hbox (19.32593pt too wide) in paragraph at lines 775--776
[]\OT1/cmr/m/n/10 ADVANCED USERS ONLY. The query script path. The de-fault is /
ctera/query.cgi. 
 []

[65] [66]
Underfull \hbox (badness 10000) in paragraph at lines 839--846

 []


Underfull \hbox (badness 10000) in paragraph at lines 850--854

 []


Underfull \hbox (badness 10000) in paragraph at lines 858--862

 []


Underfull \hbox (badness 10000) in paragraph at lines 866--868

 []

[67] [68] [69] [70] [71] [72] [73]
Overfull \hbox (381.41899pt too wide) in paragraph at lines 1119--1119
[]     \OT1/cmtt/m/n/10 :history = "[2010-03-13 09:46:43 IST cwf-3.2.4-pre-buil
d169 phollema] cwexport -v --match (sst|cloud) 2010_040_1636_m02_wj.hdf 2010_04
0_1636_m02_wj.nc" ;[] 
 []

[74]
Underfull \hbox (badness 10000) in paragraph at lines 1136--1144

 []

[75] [76] [77]
Underfull \hbox (badness 10000) in paragraph at lines 1228--1233

 []

[78] [79]
Underfull \hbox (badness 10000) in paragraph at lines 1297--1302

 []

[80]
Overfull \hbox (0.39893pt too wide) in paragraph at lines 1337--1338
[]\OT1/cmr/m/n/10 Specifies that Com-mon Data Model co-or-di-nate sys-tem in-fo
r-ma-tion should also be printed.
 []

[81] [82]
Underfull \hbox (badness 10000) in paragraph at lines 1399--1402

 []

[83] [84]
Underfull \hbox (badness 10000) in paragraph at lines 1457--1466

 []


Underfull \vbox (badness 10000) has occurred while \output is active []

[85]
Underfull \vbox (badness 10000) has occurred while \output is active []

[86] [87] [88] [89]
Overfull \hbox (8.67224pt too wide) in paragraph at lines 1719--1719
[]   \OT1/cmtt/m/n/10 rad3e="(($planck_c1*($w3^3)) / (e^(($planck_c2*$w3)/($c3b
_a + $c3b_b*$t3e)) - 1.0))"[] 
 []

[90]
Underfull \hbox (badness 10000) in paragraph at lines 1731--1735

 []


Underfull \hbox (badness 10000) in paragraph at lines 1739--1743

 []

[91] [92] [93] [94]
Underfull \hbox (badness 10000) in paragraph at lines 1852--1860

 []

[95] [96] [97]
Underfull \hbox (badness 10000) in paragraph at lines 1946--1949

 []

[98] [99] [100] [101]
Overfull \hbox (1.79771pt too wide) in paragraph at lines 2119--2121
[]\OT1/cmr/m/n/10 The mag-ni-fi-ca-tion cen-ter and fac-tor. The
 []

[102] [103] [104]
Overfull \hbox (5.76552pt too wide) in paragraph at lines 2163--2164
[]\OT1/cmr/m/n/10 ]]Specifies the text for a wa-ter-mark that is placed
 []

[105] [106]
Overfull \hbox (98.7144pt too wide) in paragraph at lines 2239--2240
\OT1/cmr/m/n/10 color scale. By de-fault the tick mark la-bels are gen-er-ated 
au-to-mat-i-cally. For ex-am-ple --ticklabels=1.0/1.1/1.2/1.3/1.4/1.5
 []

[107] [108] [109] [110]
Underfull \hbox (badness 10000) in paragraph at lines 2359--2361

 []


Underfull \hbox (badness 10000) in paragraph at lines 2365--2376

 []

[111] [112] [113] [114]
Underfull \hbox (badness 10000) in paragraph at lines 2485--2492

 []

[115]
Overfull \hbox (5.20255pt too wide) in paragraph at lines 2523--2526
[]\OT1/cmr/m/n/10 The sam-pling lim-its for each two-
 []

[116] [117]
Underfull \hbox (badness 10000) in paragraph at lines 2580--2585

 []


Overfull \hbox (19.32593pt too wide) in paragraph at lines 2600--2601
[]\OT1/cmr/m/n/10 ADVANCED USERS ONLY. The query script path. The de-fault is /
ctera/query.cgi. 
 []

[118] [119]
Underfull \hbox (badness 10000) in paragraph at lines 2634--2637

 []


Underfull \hbox (badness 10000) in paragraph at lines 2641--2645

 []


Underfull \vbox (badness 1715) has occurred while \output is active []

[120] [121]
Overfull \hbox (3.42229pt too wide) in paragraph at lines 2749--2749
[]     \OT1/cmtt/m/n/10 -61.90999484289969 -66.20499742144985 -70.5 -74.7950025
7855015 -79.09000515710031[] 
 []

[122] [123]) (./metadata_spec.tex [124

]
Appendix B.
[125]
Underfull \hbox (badness 1769) in paragraph at lines 100--107
\OT1/cmtt/m/n/10 temporal[]extent \OT1/cmr/m/n/10 at-tributes may con-tain ar-
 []


Underfull \hbox (badness 1077) in paragraph at lines 100--107
\OT1/cmr/m/n/10 rays of val-ues, and the \OT1/cmtt/m/n/10 satellite\OT1/cmr/m/n
/10 , \OT1/cmtt/m/n/10 sensor\OT1/cmr/m/n/10 ,
 []


Underfull \hbox (badness 7064) in paragraph at lines 100--107
\OT1/cmtt/m/n/10 data[]source\OT1/cmr/m/n/10 , \OT1/cmtt/m/n/10 orbit[]type\OT1
/cmr/m/n/10 , \OT1/cmtt/m/n/10 pass[]type\OT1/cmr/m/n/10 , and
 []


Overfull \hbox (0.407pt too wide) in paragraph at lines 111--164
[][] 
 []


Underfull \vbox (badness 4752) has occurred while \output is active []

[126]
Underfull \hbox (badness 5036) in paragraph at lines 184--193
[]\OT1/cmr/m/n/10 The pro-jec-tion type: \OT1/cmtt/m/n/10 mapped\OT1/cmr/m/n/10
 , \OT1/cmtt/m/n/10 swath\OT1/cmr/m/n/10 , or
 []


Underfull \hbox (badness 3724) in paragraph at lines 195--197
[]\OT1/cmr/m/n/10 For mapped data, a de-scrip-tive pro-jec-tion
 []


Overfull \hbox (10.9069pt too wide) in paragraph at lines 178--243
[][] 
 []


Underfull \vbox (badness 10000) has occurred while \output is active []

[127]
Underfull \hbox (badness 10000) in paragraph at lines 250--256
[]\OT1/cmr/m/n/10 One of \OT1/cmtt/m/n/10 RasterPixelIsArea \OT1/cmr/m/n/10 or
 []


Underfull \hbox (badness 7595) in paragraph at lines 250--256
\OT1/cmtt/m/n/10 RasterPixelIsPoint \OT1/cmr/m/n/10 to cap-ture the same
 []


Underfull \hbox (badness 1721) in paragraph at lines 250--256
\OT1/cmr/m/n/10 dis-tinc-tion as the Geo-TIFF global at-tribute
 []


Underfull \hbox (badness 1308) in paragraph at lines 250--256
\OT1/cmtt/m/n/10 longitude \OT1/cmr/m/n/10 in the dataset lo-cal-ize the point
 []


Underfull \vbox (badness 10000) has occurred while \output is active []

[128] [129]
Overfull \hbox (41.90697pt too wide) in paragraph at lines 394--470
[][] 
 []


Underfull \vbox (badness 10000) has occurred while \output is active []

[130]
Overfull \hbox (17.76787pt too wide) in paragraph at lines 471--503
[][] 
 []


Underfull \vbox (badness 10000) has occurred while \output is active []

[131] [132] <figures/partition.pdf, id=1623, 245.91875pt x 273.02pt>
File: figures/partition.pdf Graphic file (type pdf)
<use figures/partition.pdf>
Package pdftex.def Info: figures/partition.pdf used on input line 599.
(pdftex.def)             Requested size: 245.91814pt x 273.01933pt.
[133] [134 <./figures/partition.pdf>] <figures/grid.pdf, id=1638, 128.48pt x 12
8.48pt>
File: figures/grid.pdf Graphic file (type pdf)
<use figures/grid.pdf>
Package pdftex.def Info: figures/grid.pdf used on input line 644.
(pdftex.def)             Requested size: 128.47968pt x 128.47968pt.
<figures/binary.pdf, id=1641, 92.345pt x 128.48pt>
File: figures/binary.pdf Graphic file (type pdf)
<use figures/binary.pdf>
Package pdftex.def Info: figures/binary.pdf used on input line 677.
(pdftex.def)             Requested size: 92.34476pt x 128.47968pt.
<figures/binary_complex.pdf, id=1642, 146.5475pt x 128.48pt>
File: figures/binary_complex.pdf Graphic file (type pdf)
<use figures/binary_complex.pdf>
Package pdftex.def Info: figures/binary_complex.pdf used on input line 688.
(pdftex.def)             Requested size: 146.54712pt x 128.47968pt.

Underfull \vbox (badness 10000) has occurred while \output is active []

[135 <./figures/grid.pdf>] [136 <./figures/binary.pdf> <./figures/binary_comple
x.pdf>]
Underfull \hbox (badness 10000) in paragraph at lines 735--747

 []

[137] [138]
Underfull \vbox (badness 10000) has occurred while \output is active []

[139]
Underfull \vbox (badness 10000) has occurred while \output is active []

[140]
Underfull \vbox (badness 10000) has occurred while \output is active []

[141]
Underfull \vbox (badness 10000) has occurred while \output is active []

[142]
Underfull \vbox (badness 10000) has occurred while \output is active []

[143]
Underfull \vbox (badness 10000) has occurred while \output is active []

[144]
Underfull \vbox (badness 10000) has occurred while \output is active []

[145]
Underfull \vbox (badness 10000) has occurred while \output is active []

[146]
Underfull \vbox (badness 10000) has occurred while \output is active []

[147]
Underfull \vbox (badness 10000) has occurred while \output is active []

[148]
Underfull \vbox (badness 10000) has occurred while \output is active []

[149]
Underfull \vbox (badness 10000) has occurred while \output is active []

[150]) (./compatible.tex [151] [152

]
Appendix C.

Underfull \hbox (badness 2617) in paragraph at lines 15--15
[]\OT1/cmr/m/n/10 CWHDF/NC, CWF, TSHDF,
 []


Underfull \hbox (badness 2617) in paragraph at lines 22--22
[]\OT1/cmr/m/n/10 CWHDF/NC, CWF, TSHDF,
 []


Underfull \hbox (badness 2617) in paragraph at lines 24--24
[]\OT1/cmr/m/n/10 CWHDF/NC, CWF, TSHDF,
 []


Underfull \hbox (badness 2617) in paragraph at lines 28--28
[]\OT1/cmr/m/n/10 CWHDF/NC, CWF, TSHDF,
 []


Underfull \hbox (badness 2617) in paragraph at lines 31--31
[]\OT1/cmr/m/n/10 CWHDF/NC, CWF, TSHDF,
 []


Underfull \hbox (badness 2617) in paragraph at lines 33--33
[]\OT1/cmr/m/n/10 CWHDF/NC, CWF, TSHDF,
 []


Underfull \hbox (badness 2617) in paragraph at lines 35--35
[]\OT1/cmr/m/n/10 CWHDF/NC, CWF, TSHDF,
 []


Underfull \hbox (badness 2617) in paragraph at lines 39--39
[]\OT1/cmr/m/n/10 CWHDF/NC, CWF, TSHDF,
 []


Underfull \hbox (badness 2617) in paragraph at lines 43--43
[]\OT1/cmr/m/n/10 CWHDF/NC, CWF, TSHDF,
 []


Underfull \hbox (badness 10000) in paragraph at lines 4--46

 []


Underfull \hbox (badness 2617) in paragraph at lines 52--52
[]\OT1/cmr/m/n/10 CWHDF/NC, CWF, TSHDF,
 []


Underfull \hbox (badness 2617) in paragraph at lines 55--55
[]\OT1/cmr/m/n/10 CWHDF/NC, CWF, TSHDF,
 []


Underfull \hbox (badness 2617) in paragraph at lines 57--57
[]\OT1/cmr/m/n/10 CWHDF/NC, CWF, TSHDF,
 []


Underfull \vbox (badness 10000) has occurred while \output is active []

[153]
Overfull \hbox (11.97134pt too wide) in paragraph at lines 74--79
[]\OT1/cmr/m/n/10 SeaSpace TeraS-can files that have been con-verted to HDF us-
ing tdfto-hdf. Only the \OT1/cmtt/m/n/10 rectangular\OT1/cmr/m/n/10 ,
 []

) (./misc_formats.tex [154]
Appendix D.

Overfull \hbox (50.67188pt too wide) in paragraph at lines 80--80
[]  \OT1/cmtt/m/n/10 xsi:schemaLocation="http://coastwatch.noaa.gov http://coas
twatch.noaa.gov/xml/pointlist.xsd">[] 
 []


Underfull \vbox (badness 10000) has occurred while \output is active []

[155

]
Underfull \vbox (badness 10000) has occurred while \output is active []

[156]) (./avhrr_faq.tex [157] [158

]
Appendix E.
[159]
Underfull \vbox (badness 10000) has occurred while \output is active []

[160] [161] [162] [163]
Underfull \vbox (badness 2285) has occurred while \output is active []

[164]
Underfull \vbox (badness 10000) has occurred while \output is active []

[165] [166] [167]) (./acronyms.tex [168]
Appendix F.
[169

]) (./history.tex [170]
Appendix G.

Underfull \hbox (badness 10000) in paragraph at lines 28--30

 []

[171

] [172] [173] [174] [175] [176] [177] [178] [179] [180] [181] <icons/box_softwa
re.png, id=1920, 48.18pt x 48.18pt>
File: icons/box_software.png Graphic file (type png)
<use icons/box_software.png>
Package pdftex.def Info: icons/box_software.png used on input line 764.
(pdftex.def)             Requested size: 17.07164pt x 17.07129pt.
[182 <./icons/box_software.png (PNG copy)>] <icons/bug_yellow.png, id=1927, 48.
18pt x 48.18pt>
File: icons/bug_yellow.png Graphic file (type png)
<use icons/bug_yellow.png>
Package pdftex.def Info: icons/bug_yellow.png used on input line 838.
(pdftex.def)             Requested size: 17.07164pt x 17.07129pt.
File: icons/box_software.png Graphic file (type png)
<use icons/box_software.png>
Package pdftex.def Info: icons/box_software.png used on input line 856.
(pdftex.def)             Requested size: 17.07164pt x 17.07129pt.
File: icons/bug_yellow.png Graphic file (type png)
<use icons/bug_yellow.png>
Package pdftex.def Info: icons/bug_yellow.png used on input line 883.
(pdftex.def)             Requested size: 17.07164pt x 17.07129pt.
[183 <./icons/bug_yellow.png (PNG copy)>]
File: icons/box_software.png Graphic file (type png)
<use icons/box_software.png>
Package pdftex.def Info: icons/box_software.png used on input line 917.
(pdftex.def)             Requested size: 17.07164pt x 17.07129pt.
File: icons/bug_yellow.png Graphic file (type png)
<use icons/bug_yellow.png>
Package pdftex.def Info: icons/bug_yellow.png used on input line 927.
(pdftex.def)             Requested size: 17.07164pt x 17.07129pt.
) (./cwf_ug_3_2_4.bbl [184]
Underfull \hbox (badness 10000) in paragraph at lines 8--10
[]\OT1/cmr/m/n/10 Global Self-consistent, Hi-er-ar-chi-cal, High-resolution Sho
re-line Database.
 []

)
Package atveryend Info: Empty hook `BeforeClearDocument' on input line 58.
[185

]
Package atveryend Info: Empty hook `AfterLastShipout' on input line 58.
(./cwf_ug_3_2_4.aux)
Package atveryend Info: Executing hook `AtVeryEndDocument' on input line 58.
Package atveryend Info: Executing hook `AtEndAfterFileList' on input line 58.
Package rerunfilecheck Info: File `cwf_ug_3_2_4.out' has not changed.
(rerunfilecheck)             Checksum: 6C4D2120CB4170A707B4724239FF4F63;5979.

LaTeX Font Warning: Some font shapes were not available, defaults substituted.

Package atveryend Info: Empty hook `AtVeryVeryEnd' on input line 58.
 ) 
Here is how much of TeX's memory you used:
 6565 strings out of 493488
 96734 string characters out of 3141326
 203259 words of memory out of 3000000
 9072 multiletter control sequences out of 15000+200000
 14901 words of font info for 61 fonts, out of 3000000 for 9000
 957 hyphenation exceptions out of 8191
 29i,13n,31p,957b,500s stack positions out of 5000i,500n,10000p,200000b,50000s
</usr/local/texlive/2012/texmf-dist/fonts/type1/public/amsfonts/cm/cmbx10.pfb
></usr/local/texlive/2012/texmf-dist/fonts/type1/public/amsfonts/cm/cmbx12.pfb>
</usr/local/texlive/2012/texmf-dist/fonts/type1/public/amsfonts/cm/cmex10.pfb><
/usr/local/texlive/2012/texmf-dist/fonts/type1/public/amsfonts/cm/cmmi10.pfb></
usr/local/texlive/2012/texmf-dist/fonts/type1/public/amsfonts/cm/cmmi5.pfb></us
r/local/texlive/2012/texmf-dist/fonts/type1/public/amsfonts/cm/cmmi7.pfb></usr/
local/texlive/2012/texmf-dist/fonts/type1/public/amsfonts/cm/cmr10.pfb></usr/lo
cal/texlive/2012/texmf-dist/fonts/type1/public/amsfonts/cm/cmr6.pfb></usr/local
/texlive/2012/texmf-dist/fonts/type1/public/amsfonts/cm/cmr7.pfb></usr/local/te
xlive/2012/texmf-dist/fonts/type1/public/amsfonts/cm/cmr8.pfb></usr/local/texli
ve/2012/texmf-dist/fonts/type1/public/amsfonts/cm/cmr9.pfb></usr/local/texlive/
2012/texmf-dist/fonts/type1/public/amsfonts/cm/cmsl10.pfb></usr/local/texlive/2
012/texmf-dist/fonts/type1/public/amsfonts/cm/cmsy10.pfb></usr/local/texlive/20
12/texmf-dist/fonts/type1/public/amsfonts/cm/cmsy7.pfb></usr/local/texlive/2012
/texmf-dist/fonts/type1/public/amsfonts/cm/cmti10.pfb></usr/local/texlive/2012/
texmf-dist/fonts/type1/public/amsfonts/cm/cmti12.pfb></usr/local/texlive/2012/t
exmf-dist/fonts/type1/public/amsfonts/cm/cmtt10.pfb>
Output written on cwf_ug_3_2_4.pdf (193 pages, 1687462 bytes).
PDF statistics:
 2151 PDF objects out of 2487 (max. 8388607)
 1814 compressed objects within 19 object streams
 626 named destinations out of 1000 (max. 500000)
 1094 words of extra memory for PDF output out of 10000 (max. 10000000)

