mktexpk --mfmode / --bdpi 600 --mag 1+0/600 --dpi 600 cmmi5
mktexpk --mfmode / --bdpi 600 --mag 1+0/600 --dpi 600 cmmi7
mktexpk --mfmode / --bdpi 600 --mag 1+0/600 --dpi 600 cmex10
mktexpk --mfmode / --bdpi 600 --mag 1+0/600 --dpi 600 cmsy7
mktexpk --mfmode / --bdpi 600 --mag 1+0/600 --dpi 600 cmti12
mktexpk --mfmode / --bdpi 600 --mag 1+0/600 --dpi 600 cmbx8
mktexpk --mfmode / --bdpi 600 --mag 1+0/600 --dpi 600 cmr8
mktexpk --mfmode / --bdpi 600 --mag 1+0/600 --dpi 600 cmr6
mktexpk --mfmode / --bdpi 600 --mag 1+0/600 --dpi 600 cmr7
mktexpk --mfmode / --bdpi 600 --mag 1+0/600 --dpi 600 cmmi10
mktexpk --mfmode / --bdpi 600 --mag 1+437/600 --dpi 1037 cmbx12
mktexpk --mfmode / --bdpi 600 --mag 1+0/600 --dpi 600 cmbx10
mktexpk --mfmode / --bdpi 600 --mag 1+0/600 --dpi 600 cmsl10
mktexpk --mfmode / --bdpi 600 --mag 2+44/600 --dpi 1244 cmbx12
mktexpk --mfmode / --bdpi 600 --mag 1+0/600 --dpi 600 cmsy10
mktexpk --mfmode / --bdpi 600 --mag 1+0/600 --dpi 600 cmti10
mktexpk --mfmode / --bdpi 600 --mag 1+0/600 --dpi 600 cmtt10
mktexpk --mfmode / --bdpi 600 --mag 1+0/600 --dpi 600 cmr10
mktexpk --mfmode / --bdpi 600 --mag 1+0/600 --dpi 600 cmr9
mktexpk --mfmode / --bdpi 600 --mag 1+0/600 --dpi 600 cmbx12
mktexpk --mfmode / --bdpi 600 --mag 1+120/600 --dpi 720 cmbx12
mktexpk --mfmode / --bdpi 600 --mag 1+0/600 --dpi 600 cmmi5
mktexpk --mfmode / --bdpi 600 --mag 1+0/600 --dpi 600 cmmi7
mktexpk --mfmode / --bdpi 600 --mag 1+0/600 --dpi 600 cmex10
mktexpk --mfmode / --bdpi 600 --mag 1+0/600 --dpi 600 cmsy7
mktexpk --mfmode / --bdpi 600 --mag 1+0/600 --dpi 600 cmti12
mktexpk --mfmode / --bdpi 600 --mag 1+0/600 --dpi 600 cmr8
mktexpk --mfmode / --bdpi 600 --mag 1+0/600 --dpi 600 cmr6
mktexpk --mfmode / --bdpi 600 --mag 1+0/600 --dpi 600 cmr7
mktexpk --mfmode / --bdpi 600 --mag 1+0/600 --dpi 600 cmmi10
mktexpk --mfmode / --bdpi 600 --mag 1+437/600 --dpi 1037 cmbx12
mktexpk --mfmode / --bdpi 600 --mag 1+0/600 --dpi 600 cmsl10
mktexpk --mfmode / --bdpi 600 --mag 1+0/600 --dpi 600 cmbx10
mktexpk --mfmode / --bdpi 600 --mag 2+44/600 --dpi 1244 cmbx12
mktexpk --mfmode / --bdpi 600 --mag 1+0/600 --dpi 600 cmsy10
mktexpk --mfmode / --bdpi 600 --mag 1+0/600 --dpi 600 cmti10
mktexpk --mfmode / --bdpi 600 --mag 1+0/600 --dpi 600 cmtt10
mktexpk --mfmode / --bdpi 600 --mag 1+0/600 --dpi 600 cmr10
mktexpk --mfmode / --bdpi 600 --mag 1+0/600 --dpi 600 cmr9
mktexpk --mfmode / --bdpi 600 --mag 1+0/600 --dpi 600 cmbx12
mktexpk --mfmode / --bdpi 600 --mag 1+120/600 --dpi 720 cmbx12
